<?xml version="1.0" encoding="UTF-8" ?>
<testsuite 
errors="0" failures="0" hostname="zohir-MSI" name="org.scalatest.tools.DiscoverySuite" tests="0" time="0.007" timestamp="2020-12-11T09:09:36">
  <properties>
    <property name="java.runtime.name" value="OpenJDK Runtime Environment"/>
    <property name="java.vm.version" value="11.0.9.1+1-Ubuntu-0ubuntu1.20.04"/>
    <property 
    name="sun.boot.library.path" value="/usr/lib/jvm/java-11-openjdk-amd64/lib">
</property>
    <property name="java.vm.vendor" value="Ubuntu"/>
    <property name="java.vendor.url" value="https://ubuntu.com/"/>
    <property name="path.separator" value=":"/>
    <property name="java.vm.name" value="OpenJDK 64-Bit Server VM"/>
    <property name="sun.os.patch.level" value="unknown"/>
    <property name="user.country" value="US"/>
    <property name="sun.java.launcher" value="SUN_STANDARD"/>
    <property 
    name="java.vm.specification.name" value="Java Virtual Machine Specification">
</property>
    <property name="user.dir" value="/home/zohir/scala-maven"/>
    <property name="java.vm.compressedOopsMode" value="Zero based"/>
    <property 
    name="java.runtime.version" value="11.0.9.1+1-Ubuntu-0ubuntu1.20.04">
</property>
    <property 
    name="java.awt.graphicsenv" value="sun.awt.X11GraphicsEnvironment">
</property>
    <property name="basedir" value="/home/zohir/scala-maven"/>
    <property name="os.arch" value="amd64"/>
    <property name="java.io.tmpdir" value="/tmp"/>
    <property name="line.separator" value=" "/>
    <property name="java.vm.specification.vendor" value="Oracle Corporation"/>
    <property name="os.name" value="Linux"/>
    <property name="sun.jnu.encoding" value="UTF-8"/>
    <property 
    name="java.library.path" value="/usr/java/packages/lib:/usr/lib/x86_64-linux-gnu/jni:/lib/x86_64-linux-gnu:/usr/lib/x86_64-linux-gnu:/usr/lib/jni:/lib:/usr/lib">
</property>
    <property name="jdk.debug" value="release"/>
    <property name="java.class.version" value="55.0"/>
    <property 
    name="java.specification.name" value="Java Platform API Specification">
</property>
    <property 
    name="sun.management.compiler" value="HotSpot 64-Bit Tiered Compilers">
</property>
    <property name="os.version" value="5.4.0-56-generic"/>
    <property name="user.home" value="/home/zohir"/>
    <property name="user.timezone" value=""/>
    <property name="java.awt.printerjob" value="sun.print.PSPrinterJob"/>
    <property name="file.encoding" value="UTF-8"/>
    <property name="java.specification.version" value="11"/>
    <property name="user.name" value="zohir"/>
    <property 
    name="java.class.path" value="/home/zohir/scala-maven/target/test-classes:/home/zohir/scala-maven/target/classes:/home/zohir/.m2/repository/org/scala-lang/scala-library/2.12.10/scala-library-2.12.10.jar:/home/zohir/.m2/repository/org/scalatest/scalatest_2.12/3.2.3/scalatest_2.12-3.2.3.jar:/home/zohir/.m2/repository/org/scalatest/scalatest-core_2.12/3.2.3/scalatest-core_2.12-3.2.3.jar:/home/zohir/.m2/repository/org/scalatest/scalatest-compatible/3.2.3/scalatest-compatible-3.2.3.jar:/home/zohir/.m2/repository/org/scalactic/scalactic_2.12/3.2.3/scalactic_2.12-3.2.3.jar:/home/zohir/.m2/repository/org/scalatest/scalatest-featurespec_2.12/3.2.3/scalatest-featurespec_2.12-3.2.3.jar:/home/zohir/.m2/repository/org/scalatest/scalatest-flatspec_2.12/3.2.3/scalatest-flatspec_2.12-3.2.3.jar:/home/zohir/.m2/repository/org/scalatest/scalatest-freespec_2.12/3.2.3/scalatest-freespec_2.12-3.2.3.jar:/home/zohir/.m2/repository/org/scalatest/scalatest-funsuite_2.12/3.2.3/scalatest-funsuite_2.12-3.2.3.jar:/home/zohir/.m2/repository/org/scalatest/scalatest-funspec_2.12/3.2.3/scalatest-funspec_2.12-3.2.3.jar:/home/zohir/.m2/repository/org/scalatest/scalatest-propspec_2.12/3.2.3/scalatest-propspec_2.12-3.2.3.jar:/home/zohir/.m2/repository/org/scalatest/scalatest-refspec_2.12/3.2.3/scalatest-refspec_2.12-3.2.3.jar:/home/zohir/.m2/repository/org/scalatest/scalatest-wordspec_2.12/3.2.3/scalatest-wordspec_2.12-3.2.3.jar:/home/zohir/.m2/repository/org/scalatest/scalatest-diagrams_2.12/3.2.3/scalatest-diagrams_2.12-3.2.3.jar:/home/zohir/.m2/repository/org/scalatest/scalatest-matchers-core_2.12/3.2.3/scalatest-matchers-core_2.12-3.2.3.jar:/home/zohir/.m2/repository/org/scalatest/scalatest-shouldmatchers_2.12/3.2.3/scalatest-shouldmatchers_2.12-3.2.3.jar:/home/zohir/.m2/repository/org/scalatest/scalatest-mustmatchers_2.12/3.2.3/scalatest-mustmatchers_2.12-3.2.3.jar:/home/zohir/.m2/repository/org/scala-lang/scala-reflect/2.12.12/scala-reflect-2.12.12.jar:/home/zohir/.m2/repository/org/apache/spark/spark-core_2.12/3.0.1/spark-core_2.12-3.0.1.jar:/home/zohir/.m2/repository/com/thoughtworks/paranamer/paranamer/2.8/paranamer-2.8.jar:/home/zohir/.m2/repository/org/apache/avro/avro/1.8.2/avro-1.8.2.jar:/home/zohir/.m2/repository/org/codehaus/jackson/jackson-core-asl/1.9.13/jackson-core-asl-1.9.13.jar:/home/zohir/.m2/repository/org/codehaus/jackson/jackson-mapper-asl/1.9.13/jackson-mapper-asl-1.9.13.jar:/home/zohir/.m2/repository/org/apache/commons/commons-compress/1.8.1/commons-compress-1.8.1.jar:/home/zohir/.m2/repository/org/tukaani/xz/1.5/xz-1.5.jar:/home/zohir/.m2/repository/org/apache/avro/avro-mapred/1.8.2/avro-mapred-1.8.2-hadoop2.jar:/home/zohir/.m2/repository/org/apache/avro/avro-ipc/1.8.2/avro-ipc-1.8.2.jar:/home/zohir/.m2/repository/commons-codec/commons-codec/1.9/commons-codec-1.9.jar:/home/zohir/.m2/repository/com/twitter/chill_2.12/0.9.5/chill_2.12-0.9.5.jar:/home/zohir/.m2/repository/com/esotericsoftware/kryo-shaded/4.0.2/kryo-shaded-4.0.2.jar:/home/zohir/.m2/repository/com/esotericsoftware/minlog/1.3.0/minlog-1.3.0.jar:/home/zohir/.m2/repository/org/objenesis/objenesis/2.5.1/objenesis-2.5.1.jar:/home/zohir/.m2/repository/com/twitter/chill-java/0.9.5/chill-java-0.9.5.jar:/home/zohir/.m2/repository/org/apache/xbean/xbean-asm7-shaded/4.15/xbean-asm7-shaded-4.15.jar:/home/zohir/.m2/repository/org/apache/hadoop/hadoop-client/2.7.4/hadoop-client-2.7.4.jar:/home/zohir/.m2/repository/org/apache/hadoop/hadoop-mapreduce-client-app/2.7.4/hadoop-mapreduce-client-app-2.7.4.jar:/home/zohir/.m2/repository/org/apache/hadoop/hadoop-yarn-api/2.7.4/hadoop-yarn-api-2.7.4.jar:/home/zohir/.m2/repository/org/apache/hadoop/hadoop-mapreduce-client-core/2.7.4/hadoop-mapreduce-client-core-2.7.4.jar:/home/zohir/.m2/repository/org/apache/hadoop/hadoop-annotations/2.7.4/hadoop-annotations-2.7.4.jar:/home/zohir/.m2/repository/org/apache/spark/spark-launcher_2.12/3.0.1/spark-launcher_2.12-3.0.1.jar:/home/zohir/.m2/repository/org/apache/spark/spark-kvstore_2.12/3.0.1/spark-kvstore_2.12-3.0.1.jar:/home/zohir/.m2/repository/org/fusesource/leveldbjni/leveldbjni-all/1.8/leveldbjni-all-1.8.jar:/home/zohir/.m2/repository/com/fasterxml/jackson/core/jackson-core/2.10.0/jackson-core-2.10.0.jar:/home/zohir/.m2/repository/com/fasterxml/jackson/core/jackson-annotations/2.10.0/jackson-annotations-2.10.0.jar:/home/zohir/.m2/repository/org/apache/spark/spark-network-common_2.12/3.0.1/spark-network-common_2.12-3.0.1.jar:/home/zohir/.m2/repository/org/apache/spark/spark-network-shuffle_2.12/3.0.1/spark-network-shuffle_2.12-3.0.1.jar:/home/zohir/.m2/repository/org/apache/spark/spark-unsafe_2.12/3.0.1/spark-unsafe_2.12-3.0.1.jar:/home/zohir/.m2/repository/javax/activation/activation/1.1.1/activation-1.1.1.jar:/home/zohir/.m2/repository/org/apache/curator/curator-recipes/2.7.1/curator-recipes-2.7.1.jar:/home/zohir/.m2/repository/org/apache/curator/curator-framework/2.7.1/curator-framework-2.7.1.jar:/home/zohir/.m2/repository/com/google/guava/guava/16.0.1/guava-16.0.1.jar:/home/zohir/.m2/repository/org/apache/zookeeper/zookeeper/3.4.14/zookeeper-3.4.14.jar:/home/zohir/.m2/repository/org/apache/yetus/audience-annotations/0.5.0/audience-annotations-0.5.0.jar:/home/zohir/.m2/repository/javax/servlet/javax.servlet-api/3.1.0/javax.servlet-api-3.1.0.jar:/home/zohir/.m2/repository/org/apache/commons/commons-lang3/3.9/commons-lang3-3.9.jar:/home/zohir/.m2/repository/org/apache/commons/commons-math3/3.4.1/commons-math3-3.4.1.jar:/home/zohir/.m2/repository/org/apache/commons/commons-text/1.6/commons-text-1.6.jar:/home/zohir/.m2/repository/com/google/code/findbugs/jsr305/3.0.0/jsr305-3.0.0.jar:/home/zohir/.m2/repository/org/slf4j/slf4j-api/1.7.30/slf4j-api-1.7.30.jar:/home/zohir/.m2/repository/org/slf4j/jul-to-slf4j/1.7.30/jul-to-slf4j-1.7.30.jar:/home/zohir/.m2/repository/org/slf4j/jcl-over-slf4j/1.7.30/jcl-over-slf4j-1.7.30.jar:/home/zohir/.m2/repository/log4j/log4j/1.2.17/log4j-1.2.17.jar:/home/zohir/.m2/repository/org/slf4j/slf4j-log4j12/1.7.30/slf4j-log4j12-1.7.30.jar:/home/zohir/.m2/repository/com/ning/compress-lzf/1.0.3/compress-lzf-1.0.3.jar:/home/zohir/.m2/repository/org/xerial/snappy/snappy-java/1.1.7.5/snappy-java-1.1.7.5.jar:/home/zohir/.m2/repository/org/lz4/lz4-java/1.7.1/lz4-java-1.7.1.jar:/home/zohir/.m2/repository/com/github/luben/zstd-jni/1.4.4-3/zstd-jni-1.4.4-3.jar:/home/zohir/.m2/repository/org/roaringbitmap/RoaringBitmap/0.7.45/RoaringBitmap-0.7.45.jar:/home/zohir/.m2/repository/org/roaringbitmap/shims/0.7.45/shims-0.7.45.jar:/home/zohir/.m2/repository/commons-net/commons-net/3.1/commons-net-3.1.jar:/home/zohir/.m2/repository/org/scala-lang/modules/scala-xml_2.12/1.2.0/scala-xml_2.12-1.2.0.jar:/home/zohir/.m2/repository/org/json4s/json4s-jackson_2.12/3.6.6/json4s-jackson_2.12-3.6.6.jar:/home/zohir/.m2/repository/org/json4s/json4s-core_2.12/3.6.6/json4s-core_2.12-3.6.6.jar:/home/zohir/.m2/repository/org/json4s/json4s-ast_2.12/3.6.6/json4s-ast_2.12-3.6.6.jar:/home/zohir/.m2/repository/org/json4s/json4s-scalap_2.12/3.6.6/json4s-scalap_2.12-3.6.6.jar:/home/zohir/.m2/repository/org/glassfish/jersey/core/jersey-client/2.30/jersey-client-2.30.jar:/home/zohir/.m2/repository/jakarta/ws/rs/jakarta.ws.rs-api/2.1.6/jakarta.ws.rs-api-2.1.6.jar:/home/zohir/.m2/repository/org/glassfish/hk2/external/jakarta.inject/2.6.1/jakarta.inject-2.6.1.jar:/home/zohir/.m2/repository/org/glassfish/jersey/core/jersey-common/2.30/jersey-common-2.30.jar:/home/zohir/.m2/repository/jakarta/annotation/jakarta.annotation-api/1.3.5/jakarta.annotation-api-1.3.5.jar:/home/zohir/.m2/repository/org/glassfish/hk2/osgi-resource-locator/1.0.3/osgi-resource-locator-1.0.3.jar:/home/zohir/.m2/repository/org/glassfish/jersey/core/jersey-server/2.30/jersey-server-2.30.jar:/home/zohir/.m2/repository/org/glassfish/jersey/media/jersey-media-jaxb/2.30/jersey-media-jaxb-2.30.jar:/home/zohir/.m2/repository/jakarta/validation/jakarta.validation-api/2.0.2/jakarta.validation-api-2.0.2.jar:/home/zohir/.m2/repository/org/glassfish/jersey/containers/jersey-container-servlet/2.30/jersey-container-servlet-2.30.jar:/home/zohir/.m2/repository/org/glassfish/jersey/containers/jersey-container-servlet-core/2.30/jersey-container-servlet-core-2.30.jar:/home/zohir/.m2/repository/org/glassfish/jersey/inject/jersey-hk2/2.30/jersey-hk2-2.30.jar:/home/zohir/.m2/repository/org/glassfish/hk2/hk2-locator/2.6.1/hk2-locator-2.6.1.jar:/home/zohir/.m2/repository/org/glassfish/hk2/external/aopalliance-repackaged/2.6.1/aopalliance-repackaged-2.6.1.jar:/home/zohir/.m2/repository/org/glassfish/hk2/hk2-api/2.6.1/hk2-api-2.6.1.jar:/home/zohir/.m2/repository/org/glassfish/hk2/hk2-utils/2.6.1/hk2-utils-2.6.1.jar:/home/zohir/.m2/repository/org/javassist/javassist/3.25.0-GA/javassist-3.25.0-GA.jar:/home/zohir/.m2/repository/io/netty/netty-all/4.1.47.Final/netty-all-4.1.47.Final.jar:/home/zohir/.m2/repository/com/clearspring/analytics/stream/2.9.6/stream-2.9.6.jar:/home/zohir/.m2/repository/io/dropwizard/metrics/metrics-core/4.1.1/metrics-core-4.1.1.jar:/home/zohir/.m2/repository/io/dropwizard/metrics/metrics-jvm/4.1.1/metrics-jvm-4.1.1.jar:/home/zohir/.m2/repository/io/dropwizard/metrics/metrics-json/4.1.1/metrics-json-4.1.1.jar:/home/zohir/.m2/repository/io/dropwizard/metrics/metrics-graphite/4.1.1/metrics-graphite-4.1.1.jar:/home/zohir/.m2/repository/io/dropwizard/metrics/metrics-jmx/4.1.1/metrics-jmx-4.1.1.jar:/home/zohir/.m2/repository/com/fasterxml/jackson/core/jackson-databind/2.10.0/jackson-databind-2.10.0.jar:/home/zohir/.m2/repository/com/fasterxml/jackson/module/jackson-module-scala_2.12/2.10.0/jackson-module-scala_2.12-2.10.0.jar:/home/zohir/.m2/repository/com/fasterxml/jackson/module/jackson-module-paranamer/2.10.0/jackson-module-paranamer-2.10.0.jar:/home/zohir/.m2/repository/org/apache/ivy/ivy/2.4.0/ivy-2.4.0.jar:/home/zohir/.m2/repository/oro/oro/2.0.8/oro-2.0.8.jar:/home/zohir/.m2/repository/net/razorvine/pyrolite/4.30/pyrolite-4.30.jar:/home/zohir/.m2/repository/net/sf/py4j/py4j/0.10.9/py4j-0.10.9.jar:/home/zohir/.m2/repository/org/apache/spark/spark-tags_2.12/3.0.1/spark-tags_2.12-3.0.1.jar:/home/zohir/.m2/repository/org/apache/commons/commons-crypto/1.0.0/commons-crypto-1.0.0.jar:/home/zohir/.m2/repository/org/spark-project/spark/unused/1.0.0/unused-1.0.0.jar:/home/zohir/.m2/repository/org/apache/spark/spark-sql_2.12/3.0.1/spark-sql_2.12-3.0.1.jar:/home/zohir/.m2/repository/com/univocity/univocity-parsers/2.9.0/univocity-parsers-2.9.0.jar:/home/zohir/.m2/repository/org/apache/spark/spark-sketch_2.12/3.0.1/spark-sketch_2.12-3.0.1.jar:/home/zohir/.m2/repository/org/apache/spark/spark-catalyst_2.12/3.0.1/spark-catalyst_2.12-3.0.1.jar:/home/zohir/.m2/repository/org/codehaus/janino/janino/3.0.16/janino-3.0.16.jar:/home/zohir/.m2/repository/org/codehaus/janino/commons-compiler/3.0.16/commons-compiler-3.0.16.jar:/home/zohir/.m2/repository/org/antlr/antlr4-runtime/4.7.1/antlr4-runtime-4.7.1.jar:/home/zohir/.m2/repository/org/apache/arrow/arrow-vector/0.15.1/arrow-vector-0.15.1.jar:/home/zohir/.m2/repository/org/apache/arrow/arrow-format/0.15.1/arrow-format-0.15.1.jar:/home/zohir/.m2/repository/org/apache/arrow/arrow-memory/0.15.1/arrow-memory-0.15.1.jar:/home/zohir/.m2/repository/com/google/flatbuffers/flatbuffers-java/1.9.0/flatbuffers-java-1.9.0.jar:/home/zohir/.m2/repository/org/apache/orc/orc-core/1.5.10/orc-core-1.5.10.jar:/home/zohir/.m2/repository/org/apache/orc/orc-shims/1.5.10/orc-shims-1.5.10.jar:/home/zohir/.m2/repository/com/google/protobuf/protobuf-java/2.5.0/protobuf-java-2.5.0.jar:/home/zohir/.m2/repository/commons-lang/commons-lang/2.6/commons-lang-2.6.jar:/home/zohir/.m2/repository/io/airlift/aircompressor/0.10/aircompressor-0.10.jar:/home/zohir/.m2/repository/org/threeten/threeten-extra/1.5.0/threeten-extra-1.5.0.jar:/home/zohir/.m2/repository/org/apache/orc/orc-mapreduce/1.5.10/orc-mapreduce-1.5.10.jar:/home/zohir/.m2/repository/org/apache/hive/hive-storage-api/2.7.1/hive-storage-api-2.7.1.jar:/home/zohir/.m2/repository/org/apache/parquet/parquet-column/1.10.1/parquet-column-1.10.1.jar:/home/zohir/.m2/repository/org/apache/parquet/parquet-common/1.10.1/parquet-common-1.10.1.jar:/home/zohir/.m2/repository/org/apache/parquet/parquet-encoding/1.10.1/parquet-encoding-1.10.1.jar:/home/zohir/.m2/repository/org/apache/parquet/parquet-hadoop/1.10.1/parquet-hadoop-1.10.1.jar:/home/zohir/.m2/repository/org/apache/parquet/parquet-format/2.4.0/parquet-format-2.4.0.jar:/home/zohir/.m2/repository/org/apache/parquet/parquet-jackson/1.10.1/parquet-jackson-1.10.1.jar:/home/zohir/.m2/repository/org/apache/spark/spark-mllib_2.12/3.0.1/spark-mllib_2.12-3.0.1.jar:/home/zohir/.m2/repository/org/scala-lang/modules/scala-parser-combinators_2.12/1.1.2/scala-parser-combinators_2.12-1.1.2.jar:/home/zohir/.m2/repository/org/apache/spark/spark-streaming_2.12/3.0.1/spark-streaming_2.12-3.0.1.jar:/home/zohir/.m2/repository/org/apache/spark/spark-graphx_2.12/3.0.1/spark-graphx_2.12-3.0.1.jar:/home/zohir/.m2/repository/com/github/fommil/netlib/core/1.1.2/core-1.1.2.jar:/home/zohir/.m2/repository/net/sourceforge/f2j/arpack_combined_all/0.1/arpack_combined_all-0.1.jar:/home/zohir/.m2/repository/org/apache/spark/spark-mllib-local_2.12/3.0.1/spark-mllib-local_2.12-3.0.1.jar:/home/zohir/.m2/repository/org/scalanlp/breeze_2.12/1.0/breeze_2.12-1.0.jar:/home/zohir/.m2/repository/org/scalanlp/breeze-macros_2.12/1.0/breeze-macros_2.12-1.0.jar:/home/zohir/.m2/repository/net/sf/opencsv/opencsv/2.3/opencsv-2.3.jar:/home/zohir/.m2/repository/com/github/wendykierp/JTransforms/3.1/JTransforms-3.1.jar:/home/zohir/.m2/repository/pl/edu/icm/JLargeArrays/1.5/JLargeArrays-1.5.jar:/home/zohir/.m2/repository/com/chuusai/shapeless_2.12/2.3.3/shapeless_2.12-2.3.3.jar:/home/zohir/.m2/repository/org/typelevel/macro-compat_2.12/1.1.1/macro-compat_2.12-1.1.1.jar:/home/zohir/.m2/repository/org/typelevel/spire_2.12/0.17.0-M1/spire_2.12-0.17.0-M1.jar:/home/zohir/.m2/repository/org/typelevel/spire-macros_2.12/0.17.0-M1/spire-macros_2.12-0.17.0-M1.jar:/home/zohir/.m2/repository/org/typelevel/spire-platform_2.12/0.17.0-M1/spire-platform_2.12-0.17.0-M1.jar:/home/zohir/.m2/repository/org/typelevel/spire-util_2.12/0.17.0-M1/spire-util_2.12-0.17.0-M1.jar:/home/zohir/.m2/repository/org/typelevel/machinist_2.12/0.6.8/machinist_2.12-0.6.8.jar:/home/zohir/.m2/repository/org/typelevel/algebra_2.12/2.0.0-M2/algebra_2.12-2.0.0-M2.jar:/home/zohir/.m2/repository/org/typelevel/cats-kernel_2.12/2.0.0-M4/cats-kernel_2.12-2.0.0-M4.jar:/home/zohir/.m2/repository/org/scala-lang/modules/scala-collection-compat_2.12/2.1.1/scala-collection-compat_2.12-2.1.1.jar:/home/zohir/.m2/repository/org/glassfish/jaxb/jaxb-runtime/2.3.2/jaxb-runtime-2.3.2.jar:/home/zohir/.m2/repository/jakarta/xml/bind/jakarta.xml.bind-api/2.3.2/jakarta.xml.bind-api-2.3.2.jar:/home/zohir/.m2/repository/com/sun/istack/istack-commons-runtime/3.0.8/istack-commons-runtime-3.0.8.jar:/home/zohir/.m2/repository/com/holdenkarau/spark-testing-base_2.12/2.4.3_0.12.0/spark-testing-base_2.12-2.4.3_0.12.0.jar:/home/zohir/.m2/repository/org/apache/spark/spark-hive_2.12/2.4.3/spark-hive_2.12-2.4.3.jar:/home/zohir/.m2/repository/com/twitter/parquet-hadoop-bundle/1.6.0/parquet-hadoop-bundle-1.6.0.jar:/home/zohir/.m2/repository/org/spark-project/hive/hive-exec/1.2.1.spark2/hive-exec-1.2.1.spark2.jar:/home/zohir/.m2/repository/javolution/javolution/5.5.1/javolution-5.5.1.jar:/home/zohir/.m2/repository/log4j/apache-log4j-extras/1.2.17/apache-log4j-extras-1.2.17.jar:/home/zohir/.m2/repository/org/antlr/antlr-runtime/3.4/antlr-runtime-3.4.jar:/home/zohir/.m2/repository/org/antlr/stringtemplate/3.2.1/stringtemplate-3.2.1.jar:/home/zohir/.m2/repository/antlr/antlr/2.7.7/antlr-2.7.7.jar:/home/zohir/.m2/repository/org/antlr/ST4/4.0.4/ST4-4.0.4.jar:/home/zohir/.m2/repository/com/googlecode/javaewah/JavaEWAH/0.3.2/JavaEWAH-0.3.2.jar:/home/zohir/.m2/repository/org/iq80/snappy/snappy/0.2/snappy-0.2.jar:/home/zohir/.m2/repository/stax/stax-api/1.0.1/stax-api-1.0.1.jar:/home/zohir/.m2/repository/org/spark-project/hive/hive-metastore/1.2.1.spark2/hive-metastore-1.2.1.spark2.jar:/home/zohir/.m2/repository/com/jolbox/bonecp/0.8.0.RELEASE/bonecp-0.8.0.RELEASE.jar:/home/zohir/.m2/repository/org/datanucleus/datanucleus-api-jdo/3.2.6/datanucleus-api-jdo-3.2.6.jar:/home/zohir/.m2/repository/org/datanucleus/datanucleus-rdbms/3.2.9/datanucleus-rdbms-3.2.9.jar:/home/zohir/.m2/repository/commons-pool/commons-pool/1.5.4/commons-pool-1.5.4.jar:/home/zohir/.m2/repository/commons-dbcp/commons-dbcp/1.4/commons-dbcp-1.4.jar:/home/zohir/.m2/repository/javax/jdo/jdo-api/3.0.1/jdo-api-3.0.1.jar:/home/zohir/.m2/repository/javax/transaction/jta/1.1/jta-1.1.jar:/home/zohir/.m2/repository/commons-httpclient/commons-httpclient/3.1/commons-httpclient-3.1.jar:/home/zohir/.m2/repository/org/apache/calcite/calcite-avatica/1.2.0-incubating/calcite-avatica-1.2.0-incubating.jar:/home/zohir/.m2/repository/org/apache/calcite/calcite-core/1.2.0-incubating/calcite-core-1.2.0-incubating.jar:/home/zohir/.m2/repository/org/apache/calcite/calcite-linq4j/1.2.0-incubating/calcite-linq4j-1.2.0-incubating.jar:/home/zohir/.m2/repository/net/hydromatic/eigenbase-properties/1.1.5/eigenbase-properties-1.1.5.jar:/home/zohir/.m2/repository/org/apache/httpcomponents/httpclient/4.5.6/httpclient-4.5.6.jar:/home/zohir/.m2/repository/org/apache/httpcomponents/httpcore/4.4.10/httpcore-4.4.10.jar:/home/zohir/.m2/repository/joda-time/joda-time/2.9.3/joda-time-2.9.3.jar:/home/zohir/.m2/repository/org/jodd/jodd-core/3.5.2/jodd-core-3.5.2.jar:/home/zohir/.m2/repository/org/datanucleus/datanucleus-core/3.2.10/datanucleus-core-3.2.10.jar:/home/zohir/.m2/repository/org/apache/thrift/libthrift/0.9.3/libthrift-0.9.3.jar:/home/zohir/.m2/repository/org/apache/thrift/libfb303/0.9.3/libfb303-0.9.3.jar:/home/zohir/.m2/repository/org/apache/derby/derby/10.12.1.1/derby-10.12.1.1.jar:/home/zohir/.m2/repository/org/apache/spark/spark-yarn_2.12/2.4.3/spark-yarn_2.12-2.4.3.jar:/home/zohir/.m2/repository/org/apache/hadoop/hadoop-yarn-common/2.6.5/hadoop-yarn-common-2.6.5.jar:/home/zohir/.m2/repository/javax/xml/bind/jaxb-api/2.2.2/jaxb-api-2.2.2.jar:/home/zohir/.m2/repository/javax/xml/stream/stax-api/1.0-2/stax-api-1.0-2.jar:/home/zohir/.m2/repository/org/codehaus/jackson/jackson-jaxrs/1.9.13/jackson-jaxrs-1.9.13.jar:/home/zohir/.m2/repository/org/codehaus/jackson/jackson-xc/1.9.13/jackson-xc-1.9.13.jar:/home/zohir/.m2/repository/com/google/inject/guice/3.0/guice-3.0.jar:/home/zohir/.m2/repository/javax/inject/javax.inject/1/javax.inject-1.jar:/home/zohir/.m2/repository/aopalliance/aopalliance/1.0/aopalliance-1.0.jar:/home/zohir/.m2/repository/org/apache/hadoop/hadoop-yarn-client/2.6.5/hadoop-yarn-client-2.6.5.jar:/home/zohir/.m2/repository/io/github/nicolasstucki/multisets_2.12/0.4/multisets_2.12-0.4.jar:/home/zohir/.m2/repository/org/scalacheck/scalacheck_2.12/1.14.0/scalacheck_2.12-1.14.0.jar:/home/zohir/.m2/repository/org/scala-sbt/test-interface/1.0/test-interface-1.0.jar:/home/zohir/.m2/repository/org/eclipse/jetty/jetty-util/9.3.11.v20160721/jetty-util-9.3.11.v20160721.jar:/home/zohir/.m2/repository/org/apache/hadoop/hadoop-hdfs/2.8.3/hadoop-hdfs-2.8.3-tests.jar:/home/zohir/.m2/repository/org/apache/hadoop/hadoop-hdfs-client/2.8.3/hadoop-hdfs-client-2.8.3.jar:/home/zohir/.m2/repository/com/squareup/okhttp/okhttp/2.4.0/okhttp-2.4.0.jar:/home/zohir/.m2/repository/com/squareup/okio/okio/1.4.0/okio-1.4.0.jar:/home/zohir/.m2/repository/org/mortbay/jetty/jetty/6.1.26/jetty-6.1.26.jar:/home/zohir/.m2/repository/org/mortbay/jetty/jetty-util/6.1.26/jetty-util-6.1.26.jar:/home/zohir/.m2/repository/com/sun/jersey/jersey-core/1.9/jersey-core-1.9.jar:/home/zohir/.m2/repository/com/sun/jersey/jersey-server/1.9/jersey-server-1.9.jar:/home/zohir/.m2/repository/asm/asm/3.1/asm-3.1.jar:/home/zohir/.m2/repository/commons-cli/commons-cli/1.2/commons-cli-1.2.jar:/home/zohir/.m2/repository/commons-io/commons-io/2.4/commons-io-2.4.jar:/home/zohir/.m2/repository/commons-logging/commons-logging/1.1.3/commons-logging-1.1.3.jar:/home/zohir/.m2/repository/commons-daemon/commons-daemon/1.0.13/commons-daemon-1.0.13.jar:/home/zohir/.m2/repository/xmlenc/xmlenc/0.52/xmlenc-0.52.jar:/home/zohir/.m2/repository/io/netty/netty/3.6.2.Final/netty-3.6.2.Final.jar:/home/zohir/.m2/repository/xerces/xercesImpl/2.9.1/xercesImpl-2.9.1.jar:/home/zohir/.m2/repository/xml-apis/xml-apis/1.3.04/xml-apis-1.3.04.jar:/home/zohir/.m2/repository/org/apache/htrace/htrace-core4/4.0.1-incubating/htrace-core4-4.0.1-incubating.jar:/home/zohir/.m2/repository/org/apache/hadoop/hadoop-hdfs/2.8.3/hadoop-hdfs-2.8.3.jar:/home/zohir/.m2/repository/org/apache/hadoop/hadoop-common/2.8.3/hadoop-common-2.8.3-tests.jar:/home/zohir/.m2/repository/commons-collections/commons-collections/3.2.2/commons-collections-3.2.2.jar:/home/zohir/.m2/repository/org/mortbay/jetty/jetty-sslengine/6.1.26/jetty-sslengine-6.1.26.jar:/home/zohir/.m2/repository/javax/servlet/jsp/jsp-api/2.1/jsp-api-2.1.jar:/home/zohir/.m2/repository/com/sun/jersey/jersey-json/1.9/jersey-json-1.9.jar:/home/zohir/.m2/repository/org/codehaus/jettison/jettison/1.1/jettison-1.1.jar:/home/zohir/.m2/repository/com/sun/xml/bind/jaxb-impl/2.2.3-1/jaxb-impl-2.2.3-1.jar:/home/zohir/.m2/repository/net/java/dev/jets3t/jets3t/0.9.0/jets3t-0.9.0.jar:/home/zohir/.m2/repository/com/jamesmurty/utils/java-xmlbuilder/0.4/java-xmlbuilder-0.4.jar:/home/zohir/.m2/repository/commons-configuration/commons-configuration/1.6/commons-configuration-1.6.jar:/home/zohir/.m2/repository/commons-digester/commons-digester/1.8/commons-digester-1.8.jar:/home/zohir/.m2/repository/commons-beanutils/commons-beanutils/1.7.0/commons-beanutils-1.7.0.jar:/home/zohir/.m2/repository/commons-beanutils/commons-beanutils-core/1.8.0/commons-beanutils-core-1.8.0.jar:/home/zohir/.m2/repository/com/google/code/gson/gson/2.2.4/gson-2.2.4.jar:/home/zohir/.m2/repository/org/apache/hadoop/hadoop-auth/2.8.3/hadoop-auth-2.8.3.jar:/home/zohir/.m2/repository/com/nimbusds/nimbus-jose-jwt/3.9/nimbus-jose-jwt-3.9.jar:/home/zohir/.m2/repository/net/jcip/jcip-annotations/1.0/jcip-annotations-1.0.jar:/home/zohir/.m2/repository/net/minidev/json-smart/1.1.1/json-smart-1.1.1.jar:/home/zohir/.m2/repository/org/apache/directory/server/apacheds-kerberos-codec/2.0.0-M15/apacheds-kerberos-codec-2.0.0-M15.jar:/home/zohir/.m2/repository/org/apache/directory/server/apacheds-i18n/2.0.0-M15/apacheds-i18n-2.0.0-M15.jar:/home/zohir/.m2/repository/org/apache/directory/api/api-asn1-api/1.0.0-M20/api-asn1-api-1.0.0-M20.jar:/home/zohir/.m2/repository/org/apache/directory/api/api-util/1.0.0-M20/api-util-1.0.0-M20.jar:/home/zohir/.m2/repository/com/jcraft/jsch/0.1.54/jsch-0.1.54.jar:/home/zohir/.m2/repository/org/apache/curator/curator-client/2.7.1/curator-client-2.7.1.jar:/home/zohir/.m2/repository/org/apache/hadoop/hadoop-common/2.8.3/hadoop-common-2.8.3.jar:/home/zohir/.m2/repository/org/apache/hadoop/hadoop-client/2.8.3/hadoop-client-2.8.3-tests.jar:/home/zohir/.m2/repository/org/apache/hadoop/hadoop-mapreduce-client-jobclient/2.8.3/hadoop-mapreduce-client-jobclient-2.8.3-tests.jar:/home/zohir/.m2/repository/org/apache/hadoop/hadoop-mapreduce-client-common/2.8.3/hadoop-mapreduce-client-common-2.8.3.jar:/home/zohir/.m2/repository/org/apache/hadoop/hadoop-mapreduce-client-shuffle/2.8.3/hadoop-mapreduce-client-shuffle-2.8.3.jar:/home/zohir/.m2/repository/com/google/inject/extensions/guice-servlet/3.0/guice-servlet-3.0.jar:/home/zohir/.m2/repository/org/apache/hadoop/hadoop-mapreduce-client-jobclient/2.8.3/hadoop-mapreduce-client-jobclient-2.8.3.jar:/home/zohir/.m2/repository/org/apache/hadoop/hadoop-yarn-server-tests/2.8.3/hadoop-yarn-server-tests-2.8.3-tests.jar:/home/zohir/.m2/repository/org/apache/hadoop/hadoop-yarn-server-common/2.8.3/hadoop-yarn-server-common-2.8.3.jar:/home/zohir/.m2/repository/org/apache/hadoop/hadoop-yarn-server-nodemanager/2.8.3/hadoop-yarn-server-nodemanager-2.8.3.jar:/home/zohir/.m2/repository/com/sun/jersey/jersey-client/1.9/jersey-client-1.9.jar:/home/zohir/.m2/repository/com/sun/jersey/contribs/jersey-guice/1.9/jersey-guice-1.9.jar:/home/zohir/.m2/repository/org/apache/hadoop/hadoop-yarn-server-resourcemanager/2.8.3/hadoop-yarn-server-resourcemanager-2.8.3.jar:/home/zohir/.m2/repository/org/apache/hadoop/hadoop-yarn-server-applicationhistoryservice/2.8.3/hadoop-yarn-server-applicationhistoryservice-2.8.3.jar:/home/zohir/.m2/repository/de/ruedigermoeller/fst/2.50/fst-2.50.jar:/home/zohir/.m2/repository/com/cedarsoftware/java-util/1.9.0/java-util-1.9.0.jar:/home/zohir/.m2/repository/com/cedarsoftware/json-io/2.5.1/json-io-2.5.1.jar:/home/zohir/.m2/repository/org/apache/curator/curator-test/2.7.1/curator-test-2.7.1.jar:/home/zohir/.m2/repository/org/apache/commons/commons-math/2.2/commons-math-2.2.jar:/home/zohir/.m2/repository/org/apache/zookeeper/zookeeper/3.4.6/zookeeper-3.4.6-tests.jar:/home/zohir/.m2/repository/org/apache/hadoop/hadoop-yarn-server-tests/2.8.3/hadoop-yarn-server-tests-2.8.3.jar:/home/zohir/.m2/repository/org/apache/hadoop/hadoop-yarn-server-web-proxy/2.8.3/hadoop-yarn-server-web-proxy-2.8.3-tests.jar:/home/zohir/.m2/repository/org/apache/hadoop/hadoop-yarn-server-web-proxy/2.8.3/hadoop-yarn-server-web-proxy-2.8.3.jar:/home/zohir/.m2/repository/org/apache/hadoop/hadoop-minicluster/2.8.3/hadoop-minicluster-2.8.3.jar:/home/zohir/.m2/repository/org/apache/hadoop/hadoop-mapreduce-client-hs/2.8.3/hadoop-mapreduce-client-hs-2.8.3.jar:/home/zohir/.m2/repository/junit/junit/4.12/junit-4.12.jar:/home/zohir/.m2/repository/org/hamcrest/hamcrest-core/1.3/hamcrest-core-1.3.jar">
</property>
    <property name="java.vm.specification.version" value="11"/>
    <property name="sun.arch.data.model" value="64"/>
    <property 
    name="sun.java.command" value="org.scalatest.tools.Runner -R /home/zohir/scala-maven/target/classes /home/zohir/scala-maven/target/test-classes -o -fWDF /home/zohir/scala-maven/target/surefire-reports/TestSuite.txt -u /home/zohir/scala-maven/target/surefire-reports/.">
</property>
    <property name="java.home" value="/usr/lib/jvm/java-11-openjdk-amd64"/>
    <property name="user.language" value="en"/>
    <property name="java.specification.vendor" value="Oracle Corporation"/>
    <property name="awt.toolkit" value="sun.awt.X11.XToolkit"/>
    <property name="java.vm.info" value="mixed mode, sharing"/>
    <property name="java.version" value="11.0.9.1"/>
    <property name="java.vendor" value="Ubuntu"/>
    <property name="file.separator" value="/"/>
    <property name="java.version.date" value="2020-11-04"/>
    <property 
    name="java.vendor.url.bug" value="https://bugs.launchpad.net/ubuntu/+source/openjdk-lts">
</property>
    <property name="sun.io.unicode.encoding" value="UnicodeLittle"/>
    <property name="sun.cpu.endian" value="little"/>
    <property name="sun.desktop" value="gnome"/>
    <property name="sun.cpu.isalist" value=""/>
  </properties>
  <system-out><![CDATA[]]></system-out>
  <system-err><![CDATA[]]></system-err>
</testsuite>
